2024/09/27 13:54:43 [notice] 1#1: using the "epoll" event method
2024/09/27 13:54:43 [notice] 1#1: nginx/1.27.1
2024/09/27 13:54:43 [notice] 1#1: built by gcc 12.2.0 (Debian 12.2.0-14) 
2024/09/27 13:54:43 [notice] 1#1: OS: Linux 5.15.153.1-microsoft-standard-WSL2
2024/09/27 13:54:43 [notice] 1#1: getrlimit(RLIMIT_NOFILE): 1048576:1048576
2024/09/27 13:54:43 [notice] 1#1: start worker processes
2024/09/27 13:54:43 [notice] 1#1: start worker process 20
2024/09/27 13:54:43 [notice] 1#1: start worker process 21
2024/09/27 13:54:43 [notice] 1#1: start worker process 22
2024/09/27 13:54:43 [notice] 1#1: start worker process 23
2024/09/27 13:54:43 [notice] 1#1: start worker process 24
2024/09/27 13:54:43 [notice] 1#1: start worker process 25
2024/09/27 13:54:43 [notice] 1#1: start worker process 26
2024/09/27 13:54:43 [notice] 1#1: start worker process 27
2024/09/27 14:51:30 [error] 20#20: *1 open() "/var/www/html/favicon.ico" failed (2: No such file or directory), client: 172.18.0.1, server: localhost, request: "GET /favicon.ico HTTP/1.1", host: "localhost", referrer: "http://localhost/users/create/"
2024/09/27 15:47:13 [notice] 1#1: signal 17 (SIGCHLD) received from 617
2024/09/27 15:47:13 [notice] 1#1: unknown process 617 exited with code 0
2024/09/27 15:47:13 [notice] 1#1: unknown process 763 exited with code 0
2024/09/27 15:47:13 [notice] 1#1: unknown process 853 exited with code 0
2024/09/27 15:47:13 [notice] 1#1: unknown process 873 exited with code 0
2024/09/27 15:47:13 [notice] 1#1: unknown process 1348 exited with code 0
2024/09/27 15:47:41 [notice] 1#1: using the "epoll" event method
2024/09/27 15:47:41 [notice] 1#1: nginx/1.27.1
2024/09/27 15:47:41 [notice] 1#1: built by gcc 12.2.0 (Debian 12.2.0-14) 
2024/09/27 15:47:41 [notice] 1#1: OS: Linux 5.15.153.1-microsoft-standard-WSL2
2024/09/27 15:47:41 [notice] 1#1: getrlimit(RLIMIT_NOFILE): 1048576:1048576
2024/09/27 15:47:41 [notice] 1#1: start worker processes
2024/09/27 15:47:41 [notice] 1#1: start worker process 20
2024/09/27 15:47:41 [notice] 1#1: start worker process 21
2024/09/27 15:47:41 [notice] 1#1: start worker process 22
2024/09/27 15:47:41 [notice] 1#1: start worker process 23
2024/09/27 15:47:41 [notice] 1#1: start worker process 24
2024/09/27 15:47:41 [notice] 1#1: start worker process 25
2024/09/27 15:47:41 [notice] 1#1: start worker process 26
2024/09/27 15:47:41 [notice] 1#1: start worker process 27
2024/09/27 16:32:53 [notice] 1#1: signal 17 (SIGCHLD) received from 717
2024/09/27 16:32:53 [notice] 1#1: unknown process 717 exited with code 0
2024/09/27 16:32:53 [notice] 1#1: unknown process 740 exited with code 0
2024/09/27 16:33:04 [notice] 1#1: using the "epoll" event method
2024/09/27 16:33:04 [notice] 1#1: nginx/1.27.1
2024/09/27 16:33:04 [notice] 1#1: built by gcc 12.2.0 (Debian 12.2.0-14) 
2024/09/27 16:33:04 [notice] 1#1: OS: Linux 5.15.153.1-microsoft-standard-WSL2
2024/09/27 16:33:04 [notice] 1#1: getrlimit(RLIMIT_NOFILE): 1048576:1048576
2024/09/27 16:33:04 [notice] 1#1: start worker processes
2024/09/27 16:33:04 [notice] 1#1: start worker process 20
2024/09/27 16:33:04 [notice] 1#1: start worker process 21
2024/09/27 16:33:04 [notice] 1#1: start worker process 22
2024/09/27 16:33:04 [notice] 1#1: start worker process 23
2024/09/27 16:33:04 [notice] 1#1: start worker process 24
2024/09/27 16:33:04 [notice] 1#1: start worker process 25
2024/09/27 16:33:04 [notice] 1#1: start worker process 26
2024/09/27 16:33:04 [notice] 1#1: start worker process 27
2024/09/27 16:37:26 [notice] 1#1: signal 17 (SIGCHLD) received from 937
2024/09/27 16:37:26 [notice] 1#1: unknown process 937 exited with code 0
2024/09/27 16:37:37 [notice] 1#1: using the "epoll" event method
2024/09/27 16:37:37 [notice] 1#1: nginx/1.27.1
2024/09/27 16:37:37 [notice] 1#1: built by gcc 12.2.0 (Debian 12.2.0-14) 
2024/09/27 16:37:37 [notice] 1#1: OS: Linux 5.15.153.1-microsoft-standard-WSL2
2024/09/27 16:37:37 [notice] 1#1: getrlimit(RLIMIT_NOFILE): 1048576:1048576
2024/09/27 16:37:37 [notice] 1#1: start worker processes
2024/09/27 16:37:37 [notice] 1#1: start worker process 20
2024/09/27 16:37:37 [notice] 1#1: start worker process 21
2024/09/27 16:37:37 [notice] 1#1: start worker process 22
2024/09/27 16:37:37 [notice] 1#1: start worker process 23
2024/09/27 16:37:37 [notice] 1#1: start worker process 24
2024/09/27 16:37:37 [notice] 1#1: start worker process 25
2024/09/27 16:37:37 [notice] 1#1: start worker process 26
2024/09/27 16:37:37 [notice] 1#1: start worker process 27
2024/09/27 16:38:34 [notice] 1#1: signal 17 (SIGCHLD) received from 997
2024/09/27 16:38:34 [notice] 1#1: unknown process 997 exited with code 0
2024/09/27 16:38:59 [notice] 1#1: using the "epoll" event method
2024/09/27 16:38:59 [notice] 1#1: nginx/1.27.1
2024/09/27 16:38:59 [notice] 1#1: built by gcc 12.2.0 (Debian 12.2.0-14) 
2024/09/27 16:38:59 [notice] 1#1: OS: Linux 5.15.153.1-microsoft-standard-WSL2
2024/09/27 16:38:59 [notice] 1#1: getrlimit(RLIMIT_NOFILE): 1048576:1048576
2024/09/27 16:38:59 [notice] 1#1: start worker processes
2024/09/27 16:38:59 [notice] 1#1: start worker process 20
2024/09/27 16:38:59 [notice] 1#1: start worker process 21
2024/09/27 16:38:59 [notice] 1#1: start worker process 22
2024/09/27 16:38:59 [notice] 1#1: start worker process 23
2024/09/27 16:38:59 [notice] 1#1: start worker process 24
2024/09/27 16:38:59 [notice] 1#1: start worker process 25
2024/09/27 16:38:59 [notice] 1#1: start worker process 26
2024/09/27 16:38:59 [notice] 1#1: start worker process 27
2024/09/27 16:53:34 [notice] 1#1: signal 17 (SIGCHLD) received from 782
2024/09/27 16:53:34 [notice] 1#1: unknown process 782 exited with code 0
2024/09/27 16:53:36 [notice] 1#1: signal 3 (SIGQUIT) received, shutting down
2024/09/27 16:53:36 [notice] 20#20: gracefully shutting down
2024/09/27 16:53:36 [notice] 20#20: exiting
2024/09/27 16:53:36 [notice] 20#20: exit
2024/09/27 16:53:36 [notice] 21#21: gracefully shutting down
2024/09/27 16:53:36 [notice] 21#21: exiting
2024/09/27 16:53:36 [notice] 21#21: exit
2024/09/27 16:53:36 [notice] 22#22: gracefully shutting down
2024/09/27 16:53:36 [notice] 22#22: exiting
2024/09/27 16:53:36 [notice] 22#22: exit
2024/09/27 16:53:36 [notice] 23#23: gracefully shutting down
2024/09/27 16:53:36 [notice] 23#23: exiting
2024/09/27 16:53:36 [notice] 23#23: exit
2024/09/27 16:53:36 [notice] 24#24: gracefully shutting down
2024/09/27 16:53:36 [notice] 24#24: exiting
2024/09/27 16:53:36 [notice] 24#24: exit
2024/09/27 16:53:36 [notice] 25#25: gracefully shutting down
2024/09/27 16:53:36 [notice] 25#25: exiting
2024/09/27 16:53:36 [notice] 25#25: exit
2024/09/27 16:53:36 [notice] 26#26: gracefully shutting down
2024/09/27 16:53:36 [notice] 26#26: exiting
2024/09/27 16:53:36 [notice] 26#26: exit
2024/09/27 16:53:36 [notice] 27#27: gracefully shutting down
2024/09/27 16:53:36 [notice] 27#27: exiting
2024/09/27 16:53:36 [notice] 27#27: exit
2024/09/27 16:53:36 [notice] 1#1: signal 17 (SIGCHLD) received from 26
2024/09/27 16:53:36 [notice] 1#1: worker process 20 exited with code 0
2024/09/27 16:53:36 [notice] 1#1: worker process 21 exited with code 0
2024/09/27 16:53:36 [notice] 1#1: worker process 22 exited with code 0
2024/09/27 16:53:36 [notice] 1#1: worker process 23 exited with code 0
2024/09/27 16:53:36 [notice] 1#1: worker process 24 exited with code 0
2024/09/27 16:53:36 [notice] 1#1: worker process 25 exited with code 0
2024/09/27 16:53:36 [notice] 1#1: worker process 26 exited with code 0
2024/09/27 16:53:36 [notice] 1#1: worker process 27 exited with code 0
2024/09/27 16:53:36 [notice] 1#1: exit
